Data Ready
100 100 0.8311571428571429 0.008995112051349145 6.297766425144464 0.9375347625818076 4.891132822743662 1.2684254624498206 5.9 2.0
100 200 0.8769428571428571 0.007028281062527132 6.210111223580258 0.8689978263059386 7.7619947263763365 1.5878506348853882 6.1 2.2
100 300 0.8902142857142857 0.006036369364281893 6.599619718401378 0.47659397876178766 10.34180722001653 2.1234761990477664 5.8 2.0
100 400 0.9026714285714286 0.004317524801105754 6.372183753563532 0.48062224060359804 13.191860148688018 2.676267894530645 6.0 1.8
100 500 0.9076428571428572 0.00791955729539865 5.888412501336855 1.018951827022064 13.978687124011069 3.932005417053659 6.3 2.3
100 600 0.9131714285714286 0.0055142857142857 6.208381879278235 0.8728814022840645 15.069797105628089 3.891491769257418 6.1 2.1
100 700 0.9130714285714285 0.0054873695419386465 6.262184419252528 1.0050555319140706 18.287452361633157 5.260708954363816 6.0 2.2
100 800 0.9179571428571428 0.0034975501630222596 6.15533855039146 0.7219329526088916 20.911426715429094 3.637315782429652 6.1 2.3
100 900 0.9199857142857143 0.007101724424104222 6.213988022826998 0.8998810684462848 21.540628880108322 8.221876242682523 5.8 2.2
100 1000 0.9194857142857142 0.004538812215385288 6.329491319669619 0.7173343110578493 27.436055128724142 8.924380264286414 6.0 2.2

200 100 0.8392142857142858 0.010111672382318687 10.00642625483822 0.745897055140563 7.612203163987589 1.02149282848663 6.7 2.1
200 200 0.8774571428571429 0.006442144401501402 9.616014671363116 0.5833288659281264 10.989790872728431 1.5199462213532644 6.6 2.2
200 300 0.8935857142857143 0.0042221234622654225 10.159611562205274 0.3968394209336713 16.954013070424246 1.6546152682016202 6.4 1.9
200 400 0.9052285714285715 0.005018821717153494 9.793544091835404 0.2929277593206427 17.98985533257426 2.771861323545585 6.9 2.0
200 500 0.9139571428571429 0.0033812508251913438 9.774528082801377 0.9862109074578616 18.725768517257272 4.367391542276839 6.3 2.2
200 600 0.9151428571428573 0.0059057218881698025 9.999593369714868 0.5881325189299407 27.184827183451205 6.579624983660445 6.7 2.1
200 700 0.9217428571428572 0.0047906371268999865 9.976750305795932 0.5888147095041348 25.4048255774728 5.689985953581226 6.5 2.2
200 800 0.9210857142857144 0.004982499987200096 9.874965904371091 0.559994002020284 33.390130876866536 8.634019982740753 6.5 2.1
200 900 0.9230428571428572 0.004424445082235096 9.681711457661466 1.0285954183835402 33.70910710505531 10.464698875395296 6.5 1.8
200 1000 0.927757142857143 0.004703906322821234 9.65715561825513 0.5817900057497155 36.16852423830447 6.9681065151562915 6.7 2.1

300 100 0.8469428571428571 0.002804660843841848 13.67104476268192 0.4862609598750939 9.711012867266026 1.3401472445864155 6.7 2.2
300 200 0.8803142857142857 0.0037605904877195126 13.26718946280172 0.6359884728870434 15.471279837941944 2.3058412078976636 6.8 2.2
300 300 0.8966142857142856 0.0038065732621348452 13.708565816917666 1.0122205315920303 23.265500422490348 2.801027596116691 6.6 2.1
300 400 0.9085428571428572 0.0020896245146544566 13.45766031805103 0.7465035518463641 26.710322989058756 5.678962452545609 6.9 2.1
300 500 0.9152571428571429 0.004761580941370681 13.963741485397623 0.5895701012337429 31.559298433444212 7.45491889380909 6.6 2.0
300 600 0.9167285714285714 0.006238278805005411 13.438252912452015 0.6883284737999551 33.17121989902762 7.736771320245591 6.9 2.3
300 700 0.9224285714285715 0.004728118234648557 13.538012885494421 0.5604179704019608 34.01151888783288 7.4122105658300645 6.9 2.2
300 800 0.9247428571428571 0.0035478076012532144 13.31385656432511 0.39410596848767027 41.98913003848088 4.753843156029329 7.1 2.4
300 900 0.9251999999999999 0.0036056644778085663 13.257326475366275 0.7943151731785576 41.62061574639516 10.040049226502985 6.9 2.1
300 1000 0.9278714285714287 0.003975665776614911 13.336973510026965 0.9501213335877793 45.665058772408806 14.788060772353917 6.9 2.2

400 100 0.8424142857142858 0.00588857420114995 17.094736853459697 0.8011960227471311 14.00662387949104 3.8871409595431654 6.8 2.0
400 200 0.8804142857142857 0.005745077751201212 16.868272118061515 0.9175547256279822 22.695182926839372 3.4455279871804723 6.8 1.9
400 300 0.8966000000000001 0.0041702542378329105 16.9793506411206 1.4181536133306534 25.55661802844005 5.0976254914527175 6.9 2.0
400 400 0.9046571428571427 0.005304291677885161 16.373951149602163 1.3097570229478566 33.86676169041865 6.192254700720258 6.9 2.0
400 500 0.9126142857142858 0.003971351489488336 16.905679845323004 0.787013836079577 39.12107391591106 5.219584226420709 6.8 2.0
400 600 0.9141285714285713 0.008023549522423092 14.952828919372871 1.5636019546242577 39.25389981667162 9.718111743419856 7.0 2.3
400 700 0.9193571428571428 0.006576162890876954 15.639785878114873 2.206276017092643 36.01718506284373 7.3205689122952435 7.0 2.2
400 800 0.9202142857142859 0.006735907435497595 15.712926001447292 2.3754307867978803 48.12206523653511 7.780348052888668 6.8 2.2
400 900 0.9265142857142857 0.003796453769570992 16.682375694138365 0.8696379173364772 58.66418705527845 12.461922229221615 7.0 2.1
400 1000 0.9255142857142857 0.004351964135506481 16.244521017670756 1.0909007269245343 59.875431151906675 12.92281654599864 7.0 2.0

500 100 0.8349714285714285 0.012147360509466172 18.214064342156433 2.496544474930233 14.055726971001206 3.004569642808368 6.8 2.0
500 200 0.879042857142857 0.005176497121507899 19.741582867704103 0.881469777617176 25.73188381810062 5.101617414127548 7.0 2.1
500 300 0.8974142857142857 0.005663506521798041 18.377791116453913 1.9338807536213083 27.85322355413128 3.6087377393523314 7.1 2.3
500 400 0.9086428571428572 0.004509966287941326 19.87701327375649 1.035583545758691 39.79452375493489 7.91550558329347 7.2 2.0
500 500 0.9142428571428571 0.0035167529086372095 19.102941961415112 1.3059622495712926 41.14019032251305 6.22798317656314 7.2 2.4
500 600 0.9199285714285714 0.0027525498382853894 19.96200674214527 0.7432321225385025 51.02112226987093 7.14639482686729 7.2 2.1
500 700 0.9214571428571429 0.005545654669584617 19.931677977490246 1.125275277263788 55.072358302780685 9.200255261233094 7.0 2.1
500 800 0.9238571428571429 0.002763464255943549 19.229535517583038 0.9566965347114507 60.67491679253102 11.356246894517053 7.1 2.2
500 900 0.924242857142857 0.0054962139102238995 19.543355619117648 1.3211714476866443 63.26801037010576 13.716990529484987 6.9 2.1
500 1000 0.9294571428571429 0.0030181762299610997 19.987098020021136 0.7451042685729558 67.63249891315948 17.275951402533337 7.0 2.1

600 100 0.8442571428571428 0.011060280101261782 21.854005453236883 2.414766516460009 15.913030954245425 2.6845731796755987 7.2 2.0
600 200 0.8851428571428572 0.006028842241716935 22.423666956540362 1.555947558656465 26.641304041063023 4.974121047999826 7.3 2.3
600 300 0.8982999999999999 0.0069606620609343195 22.314699096731466 1.5559915899532017 37.071592499773736 4.55698902452658 6.9 2.1
600 400 0.9037857142857142 0.011831340255647194 21.232663210063155 2.6991605214014918 39.802633905030525 9.425885618016796 7.4 2.4
600 500 0.9114285714285714 0.006880614590489512 21.784496546117296 2.036481424465987 52.321480553362775 9.473958292022058 7.0 2.2
600 600 0.9164714285714286 0.01041604923340194 22.520376668300415 2.3086541941302596 60.91729433167018 9.931271904944362 7.0 2.0
600 700 0.9214571428571429 0.005536078329043603 23.455996024085927 0.8802239026528651 67.85579721087808 15.60751627677409 7.4 2.5
600 800 0.9237571428571428 0.004947912361258413 22.506635032246866 2.0741358495159687 74.50688532714959 9.075019975164345 7.2 2.1
600 900 0.9254428571428572 0.004282117538350018 21.726917768568544 1.1540162188840715 70.56377117292676 9.789215880376371 7.2 2.4
600 1000 0.9288428571428572 0.00518610781663034 21.928204336930282 2.625948657038359 76.53401739210373 16.499259452024976 7.2 2.2

700 100 0.8502285714285713 0.01200989388048071 24.752909377203885 2.617939477278182 17.031466407079503 4.247681692140902 7.5 2.0
700 200 0.8850142857142858 0.004399188236806553 25.240109103669777 1.2935245114714602 27.197634164211042 4.503850545414144 7.3 2.1
700 300 0.8973571428571427 0.00799164104115121 25.51822720082571 2.2824901591417954 37.98502065200696 5.824446078163252 7.0 2.1
700 400 0.9096714285714287 0.0037802116342871544 25.93651069906722 1.4686007758656978 48.90246631211069 3.3774656955502507 7.1 2.2
700 500 0.9154571428571427 0.0026340006043419025 23.72023925229057 2.6106217342024065 50.52682400705193 9.758464301294016 7.4 2.6
700 600 0.9171571428571429 0.009474660082212429 24.585527477524693 1.977593550020104 59.26546584279508 12.762304017802142 7.5 2.3
700 700 0.9206714285714286 0.003465898004787774 25.338903956921673 1.0438722526622886 76.30763390881313 14.547341075061665 7.2 2.1
700 800 0.9236571428571428 0.009535583198670922 24.530483631585938 2.7004853604825123 76.21244192650218 22.454124523620468 7.2 2.3
700 900 0.9261428571428573 0.0036617158908503833 25.06940008988747 1.4605223268578131 89.4398436355676 11.669825653424317 7.0 2.0
700 1000 0.9290714285714285 0.00378031960639978 25.067816644124683 2.4168316288544682 88.65841766885092 13.184319076975083 7.2 2.1

800 100 0.8460714285714286 0.00966568725979078 27.76617673735304 3.0565537455100413 20.50146357247961 3.840253079300814 7.4 2.0
800 200 0.8835142857142857 0.015788681039896644 26.62226519135789 3.304003758876879 29.222067838696415 5.0180352659706156 7.2 2.1
800 300 0.8948857142857142 0.014103089833690451 26.59165489647155 3.6066864331790827 39.90463646839969 5.719869839883998 7.2 2.3
800 400 0.9109285714285713 0.005179334919087747 27.453041163246365 1.6830477283131473 48.51135278870074 7.516495161899344 7.7 2.6
800 500 0.9172857142857144 0.004378518992927701 27.84953357067742 1.2318881901468515 56.586433256448444 10.83697593766427 7.3 2.3
800 600 0.9183 0.0031548149141997443 28.096020832938642 1.3193658589184962 69.79522202023864 7.584808787045575 7.2 2.3
800 700 0.9227142857142857 0.004024922359499635 27.56874948568399 1.522837130963199 77.10449822073085 10.792044539502436 7.3 2.1
800 800 0.9245571428571429 0.003525099506483798 28.061963109648833 2.5855062932971666 86.45776295709808 15.918781928680836 7.2 2.2
800 900 0.9265857142857143 0.003956627093773648 27.820335861954113 1.4900370768164086 87.73470015072657 10.630024056715193 7.5 2.1
800 1000 0.9260571428571429 0.0041743629600753465 27.10534884472333 3.948841548291475 103.02011343372695 18.211514164922516 7.1 2.1

900 100 0.8460000000000001 0.00808954982224169 29.989979607181663 3.108655032955026 21.35173274338304 4.974238039210552 7.3 2.1
900 200 0.8887428571428572 0.007174159980692599 31.513146889012482 1.511697229432971 31.51916766658088 8.695787774117786 7.5 2.3
900 300 0.9019285714285715 0.006065038654250375 30.749654022880254 2.8279975272768367 44.12124945296226 10.915313742922763 7.6 2.4
900 400 0.9129857142857144 0.005399338583832033 30.418835892013625 1.457645558890422 50.301587314272545 8.694040114805171 7.5 2.4
900 500 0.9134714285714285 0.0024486981130755377 30.308749399682704 2.4564717015142374 63.807231293416955 12.053724699453234 7.8 2.5
900 600 0.9139714285714285 0.00849484837884656 28.375068653833445 3.638539618639646 75.52502592504673 16.293714726146792 7.3 2.2
900 700 0.9218714285714287 0.003147691087713897 30.716598295343097 1.942345282695577 86.94586789712231 15.904737420927558 7.4 2.4
900 800 0.9261285714285716 0.0031131387140731796 31.637058206105934 1.5966122914492473 90.1620409175844 10.995625062721011 7.2 2.3
900 900 0.9247714285714286 0.004359460741787179 30.69648168545495 1.5843849371609053 105.33335445056666 11.574055925401975 7.3 2.2
900 1000 0.9260428571428573 0.007074256288884112 29.113130806390323 4.3259123372200285 100.6679429663205 21.052420739080326 7.3 2.1

1000 100 0.846957142857143 0.007041292205154355 32.99021482214602 2.5017724410775974 19.917093298720022 6.507703782248151 7.7 2.4
1000 200 0.8904285714285715 0.0033563828927059246 33.423816788869416 1.9414031522776796 31.4678988083703 6.580628986434925 7.3 2.2
1000 300 0.8980714285714285 0.008377143344377277 31.23992711727368 3.435998515309455 44.20477695333854 9.744637537220898 7.2 2.4
1000 400 0.9069142857142858 0.011636361027365203 31.452742831692113 3.9892348298871863 53.410570997778265 9.810810125934672 7.5 2.4
1000 500 0.9144428571428571 0.007944565592213305 32.32795869281065 4.149612014798158 72.71783398157731 15.218445178447164 7.3 2.1
1000 600 0.9177857142857144 0.006686950435172152 32.16254352549201 4.111667266663289 80.9071390201732 13.030480792794052 7.5 2.2
1000 700 0.9196142857142858 0.007651077021690273 31.173964958655752 3.93666963829177 89.52219193496964 12.762590231141564 7.3 2.2
1000 800 0.922 0.01105182596419512 30.34354170549792 3.260242635858686 98.04336747095351 22.26772434086925 7.8 2.5
1000 900 0.9231857142857145 0.010275202962392867 32.23262591433442 4.887024880494047 109.69108103892279 17.580964241877094 7.4 2.5
1000 1000 0.9287428571428572 0.004570446323045123 33.9890890718864 2.545308691125331 111.77507934199316 18.53898038750249 7.3 2.5

