100 100 100 0.43751428571428563 0.030610335722778735
100 100 500 0.8366857142857143 0.008917490266496592
100 100 1000 0.8639428571428571 0.0033161324903986478
100 100 10000 0.8791142857142857 0.005961372256760466
100 500 100 0.35880000000000006 0.050437522475527956
100 500 500 0.8436428571428569 0.007610478812473094
100 500 1000 0.8654571428571429 0.005019472287085196
100 500 10000 0.8856142857142857 0.005401454830479869
100 1000 100 0.35365714285714284 0.047495357453037824
100 1000 500 0.8429285714285715 0.0064647395262962355
100 1000 1000 0.864257142857143 0.005500204077846498
100 1000 10000 0.8850857142857143 0.005165505684789412
500 100 100 0.7169999999999999 0.028195961499795683
500 100 500 0.864757142857143 0.01016919116643954
500 100 1000 0.8738142857142858 0.007621679604916512
500 100 10000 0.8944857142857143 0.0044286635935110044
500 500 100 0.7443857142857142 0.029549270511386595
500 500 500 0.8664714285714286 0.009150677459029113
500 500 1000 0.8832714285714285 0.0069174284475179626
500 500 10000 0.8997714285714287 0.0051158816344750516
500 1000 100 0.7198428571428572 0.022067933149014816
500 1000 500 0.8642714285714286 0.007984794222490047
500 1000 1000 0.8814428571428572 0.005839153559011302
500 1000 10000 0.8977285714285713 0.007554549919736836
1000 100 100 0.6948571428571428 0.034995334966074494
1000 100 500 0.8587428571428571 0.011734268670202242
1000 100 1000 0.8737571428571428 0.006133897119902714
1000 100 10000 0.8852857142857143 0.005784920580478968
1000 500 100 0.7345571428571428 0.026873965096353005
1000 500 500 0.8604571428571429 0.00914348212149631
1000 500 1000 0.8731857142857142 0.007802158257135497
1000 500 10000 0.8881142857142856 0.005632920727150996
1000 1000 100 0.7444142857142857 0.02685238939697043
1000 1000 500 0.8664428571428571 0.008000369889408035
1000 1000 1000 0.8732142857142857 0.006142607968368269
1000 1000 10000 0.8861714285714285 0.005821774748690446

