100 100 100 0.10272857142857143 0.009352823430518136
100 100 500 0.6503285714285714 0.07420715763925982
100 100 1000 0.7165714285714285 0.06643419331049583
100 100 10000 0.7689142857142857 0.016620395633690804
100 500 100 0.10425714285714285 0.007968253335862874
100 500 500 0.4714142857142857 0.15106332568610734
100 500 1000 0.5700142857142858 0.11660695274541492
100 500 10000 0.8164428571428571 0.02296336478935481
100 1000 100 0.12487142857142856 0.035062943401830936
100 1000 500 0.43772857142857136 0.1727403672851135
100 1000 1000 0.4537428571428571 0.202375805200652
100 1000 10000 0.8035857142857143 0.017265212162623663
500 100 100 0.10502857142857143 0.007279493142256759
500 100 500 0.6510857142857143 0.044691651048818816
500 100 1000 0.7236428571428573 0.04957308560425232
500 100 10000 0.7213571428571429 0.050574626613973724
500 500 100 0.11531428571428573 0.02287015700935726
500 500 500 0.3892285714285714 0.1276585560735179
500 500 1000 0.5606714285714285 0.04544662938490575
500 500 10000 0.8107285714285715 0.0179933604534607
500 1000 100 0.1028 0.006423871297666197
500 1000 500 0.37174285714285715 0.10177670235794212
500 1000 1000 0.5336000000000001 0.08225452782028948
500 1000 10000 0.8142285714285714 0.028356851383892445
1000 100 100 0.10390000000000002 0.008966616088672066
1000 100 500 0.6003857142857142 0.06087390949448585
1000 100 1000 0.7170428571428571 0.033310723284166094
1000 100 10000 0.7409714285714286 0.02572902752034863
1000 500 100 0.10108571428571426 0.005818057744502644
1000 500 500 0.33635714285714285 0.11524717447508113
1000 500 1000 0.5840285714285715 0.05635441058015543
1000 500 10000 0.7762 0.020114691554347273
1000 1000 100 0.10938571428571428 0.015842470689605856
1000 1000 500 0.36787142857142857 0.12761142310201878
1000 1000 1000 0.5609285714285714 0.0854346689176076
1000 1000 10000 0.8040142857142858 0.03261591260569051

