100 100 100 0.10162857142857144 0.005749605132848129
100 100 500 0.10064285714285712 0.0050754511209972755
100 100 1000 0.1076714285714286 0.006879146245081903
100 100 10000 0.11214285714285714 0.0036728457520521247
100 500 100 0.10169999999999998 0.007403928907364393
100 500 500 0.10528571428571427 0.006896612596494201
100 500 1000 0.10618571428571429 0.007372881916530491
100 500 10000 0.11215714285714284 0.0030488873848855424
100 1000 100 0.10191428571428571 0.006912632624110635
100 1000 500 0.09815714285714286 0.0041954542941967585
100 1000 1000 0.10457142857142858 0.0057199971457107136
100 1000 10000 0.11257142857142859 0.0038692930325097733
500 100 100 0.10512857142857142 0.009597714438811956
500 100 500 0.10151428571428571 0.005517393646737673
500 100 1000 0.10874285714285714 0.0076879975365792734
500 100 10000 0.11254285714285714 0.004638701436868742
500 500 100 0.09994285714285715 0.005989514647639283
500 500 500 0.10861428571428569 0.013588117558201726
500 500 1000 0.11989999999999998 0.029978022562115313
500 500 10000 0.11067142857142857 0.004858424200734817
500 1000 100 0.09987142857142858 0.006263418249108502
500 1000 500 0.10628571428571428 0.009288790699173972
500 1000 1000 0.11161428571428571 0.012714133225409797
500 1000 10000 0.12125714285714287 0.023087393856865715
1000 100 100 0.09877142857142855 0.006100585451999081
1000 100 500 0.19705714285714288 0.06718175772803635
1000 100 1000 0.17665714285714285 0.06249784322809279
1000 100 10000 0.14064285714285715 0.028861544925907975
1000 500 100 0.10111428571428571 0.005316819672376672
1000 500 500 0.13724285714285717 0.0325149290671977
1000 500 1000 0.15367142857142857 0.03125308474570868
1000 500 10000 0.1914142857142857 0.07458903596182409
1000 1000 100 0.10065714285714286 0.004660384498458193
1000 1000 500 0.15827142857142856 0.03205380998717434
1000 1000 1000 0.17728571428571427 0.031978117518077886
1000 1000 10000 0.2218857142857143 0.10152017593783504

