100 100 100 0.5567285714285715 0.065096175316345
100 100 500 0.8374714285714285 0.009447826658625166
100 100 1000 0.8600857142857142 0.00784367677216
100 100 10000 0.8814285714285715 0.006124890669578166
100 500 100 0.6686714285714286 0.021171799688283855
100 500 500 0.8273428571428572 0.008452073770407357
100 500 1000 0.8710714285714285 0.006615149588757049
100 500 10000 0.9022142857142856 0.0049256720250093165
100 1000 100 0.6913285714285714 0.02890604413881469
100 1000 500 0.823042857142857 0.009220219573285244
100 1000 1000 0.867 0.00694262198308389
100 1000 10000 0.9001000000000001 0.0022821847749336208
500 100 100 0.6962714285714287 0.03175360818321379
500 100 500 0.8612428571428572 0.005269879756983171
500 100 1000 0.8775428571428572 0.006390298769803096
500 100 10000 0.8976428571428571 0.003876275300347177
500 500 100 0.7311428571428571 0.013756779404782093
500 500 500 0.8678142857142858 0.006320375214901613
500 500 1000 0.8886142857142858 0.007561192541726533
500 500 10000 0.9038428571428572 0.0060259472961789705
500 1000 100 0.7253857142857143 0.025113623426989844
500 1000 500 0.8684428571428571 0.007023415646744736
500 1000 1000 0.8887142857142857 0.0038808793449160266
500 1000 10000 0.9024285714285714 0.004190367963970397
1000 100 100 0.6731285714285715 0.07435017670127089
1000 100 500 0.8623428571428571 0.008124339847592758
1000 100 1000 0.8771142857142857 0.007970045963045728
1000 100 10000 0.8917714285714287 0.0035451605415419618
1000 500 100 0.7423142857142857 0.02353215776293352
1000 500 500 0.8654714285714287 0.008192841574278402
1000 500 1000 0.8788428571428571 0.008376461188402679
1000 500 10000 0.8933428571428573 0.005288879361259728
1000 1000 100 0.7309142857142857 0.024134757728476255
1000 1000 500 0.8635571428571429 0.005885800970235436
1000 1000 1000 0.8782571428571428 0.004946571684365994
1000 1000 10000 0.8953285714285715 0.005031350692996713

